c:\users\ownsky\desktop\gobangai\gobangcore\debug\gobangcore.pch
c:\users\ownsky\desktop\gobangai\gobangcore\debug\vc140.pdb
c:\users\ownsky\desktop\gobangai\gobangcore\debug\vc140.idb
c:\users\ownsky\desktop\gobangai\gobangcore\debug\stdafx.obj
c:\users\ownsky\desktop\gobangai\gobangcore\debug\analyse.obj
c:\users\ownsky\desktop\gobangai\gobangcore\debug\core.obj
c:\users\ownsky\desktop\gobangai\gobangcore\debug\gobangcore.obj
c:\users\ownsky\desktop\gobangai\gobangcore\debug\step.obj
c:\users\ownsky\desktop\gobangai\gobangcore\debug\dllmain.obj
c:\users\ownsky\desktop\gobangai\gobangai\bin\debug\gobangcore.lib
c:\users\ownsky\desktop\gobangai\gobangai\bin\debug\gobangcore.exp
c:\users\ownsky\desktop\gobangai\gobangai\bin\debug\gobangcore.ilk
c:\users\ownsky\desktop\gobangai\gobangai\bin\debug\gobangcore.dll
c:\users\ownsky\desktop\gobangai\gobangai\bin\debug\gobangcore.pdb
c:\users\ownsky\desktop\gobangai\gobangcore\debug\gobangcore.tlog\cl.command.1.tlog
c:\users\ownsky\desktop\gobangai\gobangcore\debug\gobangcore.tlog\cl.read.1.tlog
c:\users\ownsky\desktop\gobangai\gobangcore\debug\gobangcore.tlog\cl.write.1.tlog
c:\users\ownsky\desktop\gobangai\gobangcore\debug\gobangcore.tlog\gobangcore.write.1u.tlog
c:\users\ownsky\desktop\gobangai\gobangcore\debug\gobangcore.tlog\link.command.1.tlog
c:\users\ownsky\desktop\gobangai\gobangcore\debug\gobangcore.tlog\link.read.1.tlog
c:\users\ownsky\desktop\gobangai\gobangcore\debug\gobangcore.tlog\link.write.1.tlog
